0 info it worked if it ends with ok
1 verbose cli [ '/usr/local/bin/node', '/usr/local/bin/npm', 'run', 'test' ]
2 info using npm@4.1.2
3 info using node@v7.7.1
4 verbose run-script [ 'pretest', 'test', 'posttest' ]
5 info lifecycle projectx@1.0.0~pretest: projectx@1.0.0
6 silly lifecycle projectx@1.0.0~pretest: no script for pretest, continuing
7 info lifecycle projectx@1.0.0~test: projectx@1.0.0
8 verbose lifecycle projectx@1.0.0~test: unsafe-perm in lifecycle true
9 verbose lifecycle projectx@1.0.0~test: PATH: /usr/local/lib/node_modules/npm/bin/node-gyp-bin:/home/gefalko/wix/projectx/node_modules/.bin:/usr/lib64/qt-3.3/bin:/usr/local/bin:/usr/local/sbin:/usr/bin:/usr/sbin:/bin:/sbin:/opt/gradle/bin:/home/gefalko/.local/bin:/home/gefalko/bin:/opt/gradle/bin:/home/gefalko/.vimpkg/bin
10 verbose lifecycle projectx@1.0.0~test: CWD: /home/gefalko/wix/projectx
11 silly lifecycle projectx@1.0.0~test: Args: [ '-c', 'bable-node spec/run.js' ]
12 info lifecycle projectx@1.0.0~test: Failed to exec test script
13 verbose stack Error: projectx@1.0.0 test: `bable-node spec/run.js`
13 verbose stack spawn ENOENT
13 verbose stack     at ChildProcess.<anonymous> (/usr/local/lib/node_modules/npm/lib/utils/spawn.js:33:16)
13 verbose stack     at emitTwo (events.js:106:13)
13 verbose stack     at ChildProcess.emit (events.js:194:7)
13 verbose stack     at maybeClose (internal/child_process.js:899:16)
13 verbose stack     at Process.ChildProcess._handle.onexit (internal/child_process.js:226:5)
14 verbose pkgid projectx@1.0.0
15 verbose cwd /home/gefalko/wix/projectx
16 error Linux 3.10.0-514.6.1.el7.x86_64
17 error argv "/usr/local/bin/node" "/usr/local/bin/npm" "run" "test"
18 error node v7.7.1
19 error npm  v4.1.2
20 error file sh
21 error code ELIFECYCLE
22 error errno ENOENT
23 error syscall spawn
24 error projectx@1.0.0 test: `bable-node spec/run.js`
24 error spawn ENOENT
25 error Failed at the projectx@1.0.0 test script 'bable-node spec/run.js'.
25 error Make sure you have the latest version of node.js and npm installed.
25 error If you do, this is most likely a problem with the projectx package,
25 error not with npm itself.
25 error Tell the author that this fails on your system:
25 error     bable-node spec/run.js
25 error You can get information on how to open an issue for this project with:
25 error     npm bugs projectx
25 error Or if that isn't available, you can get their info via:
25 error     npm owner ls projectx
25 error There is likely additional logging output above.
26 verbose exit [ 1, true ]
